<?xml version="1.0" encoding="UTF-8"?>
<!-- Generated by org.testng.reporters.JUnitReportReporter -->
<testsuite hostname="LAPTOP-OIGLTL3A" failures="0" tests="1" name="ashwinkallingal.Tests.SubmitOrderTest" time="20.392" errors="0" timestamp="2024-02-27T14:56:57 IST" skipped="0">
  <testcase classname="ashwinkallingal.Tests.SubmitOrderTest" name="submitOrder" time="20.392"/>
</testsuite> <!-- ashwinkallingal.Tests.SubmitOrderTest -->
