<?xml version="1.0" encoding="UTF-8"?>
<!-- Generated by org.testng.reporters.JUnitReportReporter -->
<testsuite hostname="LAPTOP-OIGLTL3A" failures="0" tests="1" name="cucumber.TestNGTestRunner" time="3.335" errors="0" timestamp="2024-02-27T15:57:07 IST" skipped="0">
  <testcase classname="cucumber.TestNGTestRunner" name="runScenario" time="3.335"/>
</testsuite> <!-- cucumber.TestNGTestRunner -->
