<?xml version="1.0" encoding="UTF-8"?>
<!-- Generated by org.testng.reporters.JUnitReportReporter -->
<testsuite hostname="LAPTOP-OIGLTL3A" failures="0" tests="1" name="cucumber.TestNGTestRunner" time="5.549" errors="0" timestamp="2024-02-27T18:00:12 IST" skipped="0">
  <testcase classname="cucumber.TestNGTestRunner" name="runScenario" time="5.549"/>
</testsuite> <!-- cucumber.TestNGTestRunner -->
