<?xml version="1.0" encoding="UTF-8"?>
<!-- Generated by org.testng.reporters.JUnitReportReporter -->
<testsuite hostname="LAPTOP-OIGLTL3A" failures="0" tests="1" name="cucumber.TestNGTestRunner" time="3.957" errors="0" timestamp="2024-02-27T17:57:18 IST" skipped="0">
  <testcase classname="cucumber.TestNGTestRunner" name="runScenario" time="3.957"/>
</testsuite> <!-- cucumber.TestNGTestRunner -->
