<?xml version="1.0" encoding="UTF-8"?>
<!-- Generated by org.testng.reporters.JUnitReportReporter -->
<testsuite hostname="LAPTOP-OIGLTL3A" failures="0" tests="1" name="ashwinkallingal.Tests.SubmitOrderTests" time="20.270" errors="0" timestamp="2024-02-21T18:03:06 IST" skipped="0">
  <testcase classname="ashwinkallingal.Tests.SubmitOrderTests" name="submitOrder" time="20.270"/>
</testsuite> <!-- ashwinkallingal.Tests.SubmitOrderTests -->
