<?xml version="1.0" encoding="UTF-8"?>
<!-- Generated by org.testng.reporters.JUnitReportReporter -->
<testsuite hostname="LAPTOP-OIGLTL3A" failures="0" tests="1" name="cucumber.TestNGTestRunner" time="4.495" errors="0" timestamp="2024-02-27T16:06:45 IST" skipped="0">
  <testcase classname="cucumber.TestNGTestRunner" name="runScenario" time="4.495"/>
</testsuite> <!-- cucumber.TestNGTestRunner -->
