<?xml version="1.0" encoding="UTF-8"?>
<!-- Generated by org.testng.reporters.JUnitReportReporter -->
<testsuite hostname="LAPTOP-OIGLTL3A" failures="0" tests="1" name="ashwinkallingal.Tests.ErrorValidationTest" time="5.814" errors="0" timestamp="2024-02-26T13:02:07 IST" skipped="0">
  <testcase classname="ashwinkallingal.Tests.ErrorValidationTest" name="loginError" time="5.814"/>
</testsuite> <!-- ashwinkallingal.Tests.ErrorValidationTest -->
