<?xml version="1.0" encoding="UTF-8"?>
<!-- Generated by org.testng.reporters.JUnitReportReporter -->
<testsuite hostname="LAPTOP-OIGLTL3A" failures="0" tests="1" name="ashwinkallingal.Tests.SubmitOrderTest2" time="19.478" errors="0" timestamp="2024-02-26T13:19:25 IST" skipped="0">
  <testcase classname="ashwinkallingal.Tests.SubmitOrderTest2" name="ProductErrorValidation" time="19.478"/>
</testsuite> <!-- ashwinkallingal.Tests.SubmitOrderTest2 -->
