<?xml version="1.0" encoding="UTF-8"?>
<!-- Generated by org.testng.reporters.JUnitReportReporter -->
<testsuite hostname="LAPTOP-OIGLTL3A" failures="0" tests="1" name="ashwinkallingal.Tests.SubmitOrderTest" time="22.046" errors="0" timestamp="2024-02-26T13:35:29 IST" skipped="0">
  <testcase classname="ashwinkallingal.Tests.SubmitOrderTest" name="submitOrder" time="22.046"/>
</testsuite> <!-- ashwinkallingal.Tests.SubmitOrderTest -->
